[debug] [2020-11-17T15:32:32.708Z] ----------------------------------------------------------------------
[debug] [2020-11-17T15:32:32.710Z] Command:       /usr/local/bin/node /usr/local/bin/firebase emulators:start
[debug] [2020-11-17T15:32:32.710Z] CLI Version:   8.16.2
[debug] [2020-11-17T15:32:32.710Z] Platform:      darwin
[debug] [2020-11-17T15:32:32.710Z] Node Version:  v12.18.2
[debug] [2020-11-17T15:32:32.715Z] Time:          Tue Nov 17 2020 21:02:32 GMT+0530 (India Standard Time)
[debug] [2020-11-17T15:32:32.716Z] ----------------------------------------------------------------------
[debug] [2020-11-17T15:32:32.716Z] 
[debug] [2020-11-17T15:32:32.723Z] > command requires scopes: ["email","openid","https://www.googleapis.com/auth/cloudplatformprojects.readonly","https://www.googleapis.com/auth/firebase","https://www.googleapis.com/auth/cloud-platform"]
[debug] [2020-11-17T15:32:32.723Z] > authorizing via signed-in user
[info] i  emulators: Starting emulators: functions, hosting {"metadata":{"emulator":{"name":"hub"},"message":"Starting emulators: functions, hosting"}}
[debug] [2020-11-17T15:32:32.740Z] [hub] writing locator at /var/folders/cm/lb9j63v94kq980yq5vh3h3k40000gn/T/hub-clone-35704.json
[warn] ⚠  functions: The following emulators are not running, calls to these services from the Functions emulator will affect production: auth, firestore, database, pubsub {"metadata":{"emulator":{"name":"functions"},"message":"The following emulators are not running, calls to these services from the Functions emulator will affect production: \u001b[1mauth, firestore, database, pubsub\u001b[22m"}}
[info] ✔  functions: Using node@12 from host. {"metadata":{"emulator":{"name":"functions"},"message":"Using node@12 from host."}}
[debug] [2020-11-17T15:32:32.764Z] defaultcredentials: writing to file /Users/gautham_m/.config/firebase/gauthammenon16_gmail_com_application_default_credentials.json
[debug] [2020-11-17T15:32:32.766Z] Setting GAC to /Users/gautham_m/.config/firebase/gauthammenon16_gmail_com_application_default_credentials.json {"metadata":{"emulator":{"name":"functions"},"message":"Setting GAC to /Users/gautham_m/.config/firebase/gauthammenon16_gmail_com_application_default_credentials.json"}}
[debug] [2020-11-17T15:32:32.773Z] > refreshing access token with scopes: ["email","https://www.googleapis.com/auth/cloud-platform","https://www.googleapis.com/auth/cloudplatformprojects.readonly","https://www.googleapis.com/auth/firebase","openid"]
[debug] [2020-11-17T15:32:32.773Z] >>> HTTP REQUEST POST https://www.googleapis.com/oauth2/v3/token  
 <request body omitted>
[debug] [2020-11-17T15:32:32.949Z] <<< HTTP RESPONSE 200 {"expires":"Mon, 01 Jan 1990 00:00:00 GMT","pragma":"no-cache","date":"Tue, 17 Nov 2020 15:32:33 GMT","cache-control":"no-cache, no-store, max-age=0, must-revalidate","content-type":"application/json; charset=utf-8","vary":"X-Origin, Referer, Origin,Accept-Encoding","server":"scaffolding on HTTPServer2","x-xss-protection":"0","x-frame-options":"SAMEORIGIN","x-content-type-options":"nosniff","alt-svc":"h3-Q050=\":443\"; ma=2592000,h3-29=\":443\"; ma=2592000,h3-T051=\":443\"; ma=2592000,h3-Q046=\":443\"; ma=2592000,h3-Q043=\":443\"; ma=2592000,quic=\":443\"; ma=2592000; v=\"46,43\"","accept-ranges":"none","transfer-encoding":"chunked"}
[debug] [2020-11-17T15:32:32.979Z] >>> HTTP REQUEST GET https://firebase.googleapis.com/v1beta1/projects/clone-35704/webApps/-/config  
 
[debug] [2020-11-17T15:32:34.301Z] <<< HTTP RESPONSE 200 {"content-type":"application/json; charset=UTF-8","vary":"X-Origin, Referer, Origin,Accept-Encoding","date":"Tue, 17 Nov 2020 15:32:34 GMT","server":"ESF","cache-control":"private","x-xss-protection":"0","x-frame-options":"SAMEORIGIN","x-content-type-options":"nosniff","alt-svc":"h3-Q050=\":443\"; ma=2592000,h3-29=\":443\"; ma=2592000,h3-T051=\":443\"; ma=2592000,h3-Q046=\":443\"; ma=2592000,h3-Q043=\":443\"; ma=2592000,quic=\":443\"; ma=2592000; v=\"46,43\"","accept-ranges":"none","transfer-encoding":"chunked"}
[info] i  hosting: Serving hosting files from: build {"metadata":{"emulator":{"name":"hosting"},"message":"Serving hosting files from: \u001b[1mbuild\u001b[22m"}}
[info] ✔  hosting: Local server: http://localhost:5000 {"metadata":{"emulator":{"name":"hosting"},"message":"Local server: \u001b[4m\u001b[1mhttp://localhost:5000\u001b[22m\u001b[24m"}}
[warn] ⚠  ui: Emulator UI unable to start on port 4000, starting on 4001 instead. {"metadata":{"emulator":{"name":"ui"},"message":"Emulator UI unable to start on port 4000, starting on 4001 instead."}}
[debug] [2020-11-17T15:32:34.367Z] Ignoring unsupported arg: auto_download {"metadata":{"emulator":{"name":"ui"},"message":"Ignoring unsupported arg: auto_download"}}
[debug] [2020-11-17T15:32:34.368Z] Ignoring unsupported arg: port {"metadata":{"emulator":{"name":"ui"},"message":"Ignoring unsupported arg: port"}}
[debug] [2020-11-17T15:32:34.368Z] Starting Emulator UI with command {"binary":"node","args":["/Users/gautham_m/.cache/firebase/emulators/ui-v1.2.2/server.bundle.js"],"optionalArgs":[],"joinArgs":false} {"metadata":{"emulator":{"name":"ui"},"message":"Starting Emulator UI with command {\"binary\":\"node\",\"args\":[\"/Users/gautham_m/.cache/firebase/emulators/ui-v1.2.2/server.bundle.js\"],\"optionalArgs\":[],\"joinArgs\":false}"}}
[info] i  ui: Emulator UI logging to ui-debug.log {"metadata":{"emulator":{"name":"ui"},"message":"Emulator UI logging to \u001b[1mui-debug.log\u001b[22m"}}
[debug] [2020-11-17T15:32:34.454Z] Web / API server started at http://localhost:4001
 {"metadata":{"emulator":{"name":"ui"},"message":"Web / API server started at http://localhost:4001\n"}}
[info] i  functions: Watching "/Users/gautham_m/Desktop/my-app/amazon-clone/functions" for Cloud Functions... {"metadata":{"emulator":{"name":"functions"},"message":"Watching \"/Users/gautham_m/Desktop/my-app/amazon-clone/functions\" for Cloud Functions..."}}
[debug] [2020-11-17T15:32:34.638Z] [worker-pool] addWorker(~diagnostic~) {"metadata":{"emulator":{"name":"functions"},"message":"[worker-pool] addWorker(~diagnostic~)"}}
[debug] [2020-11-17T15:32:34.638Z] [worker-pool] Adding worker with key ~diagnostic~, total=1 {"metadata":{"emulator":{"name":"functions"},"message":"[worker-pool] Adding worker with key ~diagnostic~, total=1"}}
[debug] [2020-11-17T15:32:34.638Z] [worker-pool] submitWork(triggerId=) {"metadata":{"emulator":{"name":"functions"},"message":"[worker-pool] submitWork(triggerId=)"}}
[debug] [2020-11-17T15:32:34.638Z] [worker-~diagnostic~-17158da6-356d-471e-9f1c-a81ae1344c87]: Assigning socketPath: /var/folders/cm/lb9j63v94kq980yq5vh3h3k40000gn/T/fire_emu_32215.sock {"metadata":{"emulator":{"name":"functions"},"message":"[worker-~diagnostic~-17158da6-356d-471e-9f1c-a81ae1344c87]: Assigning socketPath: /var/folders/cm/lb9j63v94kq980yq5vh3h3k40000gn/T/fire_emu_32215.sock"}}
[debug] [2020-11-17T15:32:34.639Z] [worker-~diagnostic~-17158da6-356d-471e-9f1c-a81ae1344c87]: BUSY {"metadata":{"emulator":{"name":"functions"},"message":"[worker-~diagnostic~-17158da6-356d-471e-9f1c-a81ae1344c87]: BUSY"}}
[debug] [2020-11-17T15:32:34.900Z] [runtime-status] [32215] Functions runtime initialized. {"cwd":"/Users/gautham_m/Desktop/my-app/amazon-clone/functions","node_version":"12.18.2"} {"metadata":{"emulator":{"name":"functions"},"message":"[runtime-status] [32215] Functions runtime initialized. {\"cwd\":\"/Users/gautham_m/Desktop/my-app/amazon-clone/functions\",\"node_version\":\"12.18.2\"}"}}
[debug] [2020-11-17T15:32:34.900Z] [runtime-status] [32215] Disabled runtime features: undefined {"metadata":{"emulator":{"name":"functions"},"message":"[runtime-status] [32215] Disabled runtime features: undefined"}}
[debug] [2020-11-17T15:32:34.905Z] [runtime-status] [32215] Resolved module firebase-admin {"declared":true,"installed":true,"version":"9.4.1","resolution":"/Users/gautham_m/Desktop/my-app/amazon-clone/functions/node_modules/firebase-admin/lib/index.js"} {"metadata":{"emulator":{"name":"functions"},"message":"[runtime-status] [32215] Resolved module firebase-admin {\"declared\":true,\"installed\":true,\"version\":\"9.4.1\",\"resolution\":\"/Users/gautham_m/Desktop/my-app/amazon-clone/functions/node_modules/firebase-admin/lib/index.js\"}"}}
[debug] [2020-11-17T15:32:34.908Z] [runtime-status] [32215] Resolved module firebase-functions {"declared":true,"installed":true,"version":"3.11.0","resolution":"/Users/gautham_m/Desktop/my-app/amazon-clone/functions/node_modules/firebase-functions/lib/index.js"} {"metadata":{"emulator":{"name":"functions"},"message":"[runtime-status] [32215] Resolved module firebase-functions {\"declared\":true,\"installed\":true,\"version\":\"3.11.0\",\"resolution\":\"/Users/gautham_m/Desktop/my-app/amazon-clone/functions/node_modules/firebase-functions/lib/index.js\"}"}}
[debug] [2020-11-17T15:32:34.909Z] [runtime-status] [32215] Resolved module firebase-functions {"declared":true,"installed":true,"version":"3.11.0","resolution":"/Users/gautham_m/Desktop/my-app/amazon-clone/functions/node_modules/firebase-functions/lib/index.js"} {"metadata":{"emulator":{"name":"functions"},"message":"[runtime-status] [32215] Resolved module firebase-functions {\"declared\":true,\"installed\":true,\"version\":\"3.11.0\",\"resolution\":\"/Users/gautham_m/Desktop/my-app/amazon-clone/functions/node_modules/firebase-functions/lib/index.js\"}"}}
[debug] [2020-11-17T15:32:34.910Z] [runtime-status] [32215] Outgoing network have been stubbed. [{"name":"http","status":"mocked"},{"name":"http","status":"mocked"},{"name":"https","status":"mocked"},{"name":"https","status":"mocked"},{"name":"net","status":"mocked"}] {"metadata":{"emulator":{"name":"functions"},"message":"[runtime-status] [32215] Outgoing network have been stubbed. [{\"name\":\"http\",\"status\":\"mocked\"},{\"name\":\"http\",\"status\":\"mocked\"},{\"name\":\"https\",\"status\":\"mocked\"},{\"name\":\"https\",\"status\":\"mocked\"},{\"name\":\"net\",\"status\":\"mocked\"}]"}}
[debug] [2020-11-17T15:32:34.911Z] [runtime-status] [32215] Resolved module firebase-functions {"declared":true,"installed":true,"version":"3.11.0","resolution":"/Users/gautham_m/Desktop/my-app/amazon-clone/functions/node_modules/firebase-functions/lib/index.js"} {"metadata":{"emulator":{"name":"functions"},"message":"[runtime-status] [32215] Resolved module firebase-functions {\"declared\":true,\"installed\":true,\"version\":\"3.11.0\",\"resolution\":\"/Users/gautham_m/Desktop/my-app/amazon-clone/functions/node_modules/firebase-functions/lib/index.js\"}"}}
[debug] [2020-11-17T15:32:34.975Z] [runtime-status] [32215] Checked functions.config() {"config":{}} {"metadata":{"emulator":{"name":"functions"},"message":"[runtime-status] [32215] Checked functions.config() {\"config\":{}}"}}
[debug] [2020-11-17T15:32:34.975Z] [runtime-status] [32215] firebase-functions has been stubbed. {"functionsResolution":{"declared":true,"installed":true,"version":"3.11.0","resolution":"/Users/gautham_m/Desktop/my-app/amazon-clone/functions/node_modules/firebase-functions/lib/index.js"}} {"metadata":{"emulator":{"name":"functions"},"message":"[runtime-status] [32215] firebase-functions has been stubbed. {\"functionsResolution\":{\"declared\":true,\"installed\":true,\"version\":\"3.11.0\",\"resolution\":\"/Users/gautham_m/Desktop/my-app/amazon-clone/functions/node_modules/firebase-functions/lib/index.js\"}}"}}
[debug] [2020-11-17T15:32:34.976Z] [runtime-status] [32215] Resolved module firebase-functions {"declared":true,"installed":true,"version":"3.11.0","resolution":"/Users/gautham_m/Desktop/my-app/amazon-clone/functions/node_modules/firebase-functions/lib/index.js"} {"metadata":{"emulator":{"name":"functions"},"message":"[runtime-status] [32215] Resolved module firebase-functions {\"declared\":true,\"installed\":true,\"version\":\"3.11.0\",\"resolution\":\"/Users/gautham_m/Desktop/my-app/amazon-clone/functions/node_modules/firebase-functions/lib/index.js\"}"}}
[debug] [2020-11-17T15:32:34.977Z] [runtime-status] [32215] Resolved module firebase-admin {"declared":true,"installed":true,"version":"9.4.1","resolution":"/Users/gautham_m/Desktop/my-app/amazon-clone/functions/node_modules/firebase-admin/lib/index.js"} {"metadata":{"emulator":{"name":"functions"},"message":"[runtime-status] [32215] Resolved module firebase-admin {\"declared\":true,\"installed\":true,\"version\":\"9.4.1\",\"resolution\":\"/Users/gautham_m/Desktop/my-app/amazon-clone/functions/node_modules/firebase-admin/lib/index.js\"}"}}
[debug] [2020-11-17T15:32:34.977Z] [runtime-status] [32215] Resolved module firebase-functions {"declared":true,"installed":true,"version":"3.11.0","resolution":"/Users/gautham_m/Desktop/my-app/amazon-clone/functions/node_modules/firebase-functions/lib/index.js"} {"metadata":{"emulator":{"name":"functions"},"message":"[runtime-status] [32215] Resolved module firebase-functions {\"declared\":true,\"installed\":true,\"version\":\"3.11.0\",\"resolution\":\"/Users/gautham_m/Desktop/my-app/amazon-clone/functions/node_modules/firebase-functions/lib/index.js\"}"}}
[debug] [2020-11-17T15:32:34.977Z] [runtime-status] [32215] firebase-admin has been stubbed. {"adminResolution":{"declared":true,"installed":true,"version":"9.4.1","resolution":"/Users/gautham_m/Desktop/my-app/amazon-clone/functions/node_modules/firebase-admin/lib/index.js"}} {"metadata":{"emulator":{"name":"functions"},"message":"[runtime-status] [32215] firebase-admin has been stubbed. {\"adminResolution\":{\"declared\":true,\"installed\":true,\"version\":\"9.4.1\",\"resolution\":\"/Users/gautham_m/Desktop/my-app/amazon-clone/functions/node_modules/firebase-admin/lib/index.js\"}}"}}
[info] ✔  functions[api]: http function initialized (http://localhost:5001/clone-35704/us-central1/api). {"metadata":{"emulator":{"name":"functions"},"message":"\u001b[1mhttp\u001b[22m function initialized (http://localhost:5001/clone-35704/us-central1/api)."}}
[info] 
┌────────────────────────────────────────────────────────────────┐
│ ✔  All emulators ready! View status and logs at localhost:4001 │
└────────────────────────────────────────────────────────────────┘

┌───────────┬────────────────┬──────────────────────────┐
│ Emulator  │ Host:Port      │ View in Emulator UI      │
├───────────┼────────────────┼──────────────────────────┤
│ Functions │ localhost:5001 │ localhost:4001/functions │
├───────────┼────────────────┼──────────────────────────┤
│ Hosting   │ localhost:5000 │ n/a                      │
└───────────┴────────────────┴──────────────────────────┘
  Other reserved ports: 4400, 4500

Issues? Report them at https://github.com/firebase/firebase-tools/issues and attach the *-debug.log files.
 
[debug] [2020-11-17T15:32:35.172Z] [worker-~diagnostic~-17158da6-356d-471e-9f1c-a81ae1344c87]: IDLE {"metadata":{"emulator":{"name":"functions"},"message":"[worker-~diagnostic~-17158da6-356d-471e-9f1c-a81ae1344c87]: IDLE"}}
[debug] [2020-11-17T15:34:37.096Z] [work-queue] {"queueLength":1,"workRunningCount":0}
[debug] [2020-11-17T15:34:37.096Z] [work-queue] {"queueLength":0,"workRunningCount":1}
[debug] [2020-11-17T15:34:37.097Z] Accepted request POST /clone-35704/us-central1/api/payments/create?total=42588 --> api
[debug] [2020-11-17T15:34:37.100Z] [worker-pool] addWorker(api) {"metadata":{"emulator":{"name":"functions"},"message":"[worker-pool] addWorker(api)"}}
[debug] [2020-11-17T15:34:37.101Z] [worker-pool] Adding worker with key api, total=1 {"metadata":{"emulator":{"name":"functions"},"message":"[worker-pool] Adding worker with key api, total=1"}}
[debug] [2020-11-17T15:34:37.101Z] [worker-pool] submitWork(triggerId=api) {"metadata":{"emulator":{"name":"functions"},"message":"[worker-pool] submitWork(triggerId=api)"}}
[debug] [2020-11-17T15:34:37.101Z] [worker-api-1f1e1a8a-8186-4901-98d5-11cc1b822bce]: Assigning socketPath: /var/folders/cm/lb9j63v94kq980yq5vh3h3k40000gn/T/fire_emu_32283.sock {"metadata":{"emulator":{"name":"functions"},"message":"[worker-api-1f1e1a8a-8186-4901-98d5-11cc1b822bce]: Assigning socketPath: /var/folders/cm/lb9j63v94kq980yq5vh3h3k40000gn/T/fire_emu_32283.sock"}}
[debug] [2020-11-17T15:34:37.101Z] [worker-api-1f1e1a8a-8186-4901-98d5-11cc1b822bce]: BUSY {"metadata":{"emulator":{"name":"functions"},"message":"[worker-api-1f1e1a8a-8186-4901-98d5-11cc1b822bce]: BUSY"}}
[debug] [2020-11-17T15:34:37.523Z] [runtime-status] [32283] Functions runtime initialized. {"cwd":"/Users/gautham_m/Desktop/my-app/amazon-clone/functions","node_version":"12.18.2"} {"metadata":{"emulator":{"name":"functions"},"function":{"name":"api"},"message":"[runtime-status] [32283] Functions runtime initialized. {\"cwd\":\"/Users/gautham_m/Desktop/my-app/amazon-clone/functions\",\"node_version\":\"12.18.2\"}"}}
[debug] [2020-11-17T15:34:37.524Z] [runtime-status] [32283] Disabled runtime features: undefined {"metadata":{"emulator":{"name":"functions"},"function":{"name":"api"},"message":"[runtime-status] [32283] Disabled runtime features: undefined"}}
[debug] [2020-11-17T15:34:37.527Z] [runtime-status] [32283] Resolved module firebase-admin {"declared":true,"installed":true,"version":"9.4.1","resolution":"/Users/gautham_m/Desktop/my-app/amazon-clone/functions/node_modules/firebase-admin/lib/index.js"} {"metadata":{"emulator":{"name":"functions"},"function":{"name":"api"},"message":"[runtime-status] [32283] Resolved module firebase-admin {\"declared\":true,\"installed\":true,\"version\":\"9.4.1\",\"resolution\":\"/Users/gautham_m/Desktop/my-app/amazon-clone/functions/node_modules/firebase-admin/lib/index.js\"}"}}
[debug] [2020-11-17T15:34:37.528Z] [runtime-status] [32283] Resolved module firebase-functions {"declared":true,"installed":true,"version":"3.11.0","resolution":"/Users/gautham_m/Desktop/my-app/amazon-clone/functions/node_modules/firebase-functions/lib/index.js"} {"metadata":{"emulator":{"name":"functions"},"function":{"name":"api"},"message":"[runtime-status] [32283] Resolved module firebase-functions {\"declared\":true,\"installed\":true,\"version\":\"3.11.0\",\"resolution\":\"/Users/gautham_m/Desktop/my-app/amazon-clone/functions/node_modules/firebase-functions/lib/index.js\"}"}}
[debug] [2020-11-17T15:34:37.529Z] [runtime-status] [32283] Resolved module firebase-functions {"declared":true,"installed":true,"version":"3.11.0","resolution":"/Users/gautham_m/Desktop/my-app/amazon-clone/functions/node_modules/firebase-functions/lib/index.js"} {"metadata":{"emulator":{"name":"functions"},"function":{"name":"api"},"message":"[runtime-status] [32283] Resolved module firebase-functions {\"declared\":true,\"installed\":true,\"version\":\"3.11.0\",\"resolution\":\"/Users/gautham_m/Desktop/my-app/amazon-clone/functions/node_modules/firebase-functions/lib/index.js\"}"}}
[debug] [2020-11-17T15:34:37.530Z] [runtime-status] [32283] Outgoing network have been stubbed. [{"name":"http","status":"mocked"},{"name":"http","status":"mocked"},{"name":"https","status":"mocked"},{"name":"https","status":"mocked"},{"name":"net","status":"mocked"}] {"metadata":{"emulator":{"name":"functions"},"function":{"name":"api"},"message":"[runtime-status] [32283] Outgoing network have been stubbed. [{\"name\":\"http\",\"status\":\"mocked\"},{\"name\":\"http\",\"status\":\"mocked\"},{\"name\":\"https\",\"status\":\"mocked\"},{\"name\":\"https\",\"status\":\"mocked\"},{\"name\":\"net\",\"status\":\"mocked\"}]"}}
[debug] [2020-11-17T15:34:37.531Z] [runtime-status] [32283] Resolved module firebase-functions {"declared":true,"installed":true,"version":"3.11.0","resolution":"/Users/gautham_m/Desktop/my-app/amazon-clone/functions/node_modules/firebase-functions/lib/index.js"} {"metadata":{"emulator":{"name":"functions"},"function":{"name":"api"},"message":"[runtime-status] [32283] Resolved module firebase-functions {\"declared\":true,\"installed\":true,\"version\":\"3.11.0\",\"resolution\":\"/Users/gautham_m/Desktop/my-app/amazon-clone/functions/node_modules/firebase-functions/lib/index.js\"}"}}
[debug] [2020-11-17T15:34:37.581Z] [runtime-status] [32283] Checked functions.config() {"config":{}} {"metadata":{"emulator":{"name":"functions"},"function":{"name":"api"},"message":"[runtime-status] [32283] Checked functions.config() {\"config\":{}}"}}
[debug] [2020-11-17T15:34:37.581Z] [runtime-status] [32283] firebase-functions has been stubbed. {"functionsResolution":{"declared":true,"installed":true,"version":"3.11.0","resolution":"/Users/gautham_m/Desktop/my-app/amazon-clone/functions/node_modules/firebase-functions/lib/index.js"}} {"metadata":{"emulator":{"name":"functions"},"function":{"name":"api"},"message":"[runtime-status] [32283] firebase-functions has been stubbed. {\"functionsResolution\":{\"declared\":true,\"installed\":true,\"version\":\"3.11.0\",\"resolution\":\"/Users/gautham_m/Desktop/my-app/amazon-clone/functions/node_modules/firebase-functions/lib/index.js\"}}"}}
[debug] [2020-11-17T15:34:37.581Z] [runtime-status] [32283] Resolved module firebase-functions {"declared":true,"installed":true,"version":"3.11.0","resolution":"/Users/gautham_m/Desktop/my-app/amazon-clone/functions/node_modules/firebase-functions/lib/index.js"} {"metadata":{"emulator":{"name":"functions"},"function":{"name":"api"},"message":"[runtime-status] [32283] Resolved module firebase-functions {\"declared\":true,\"installed\":true,\"version\":\"3.11.0\",\"resolution\":\"/Users/gautham_m/Desktop/my-app/amazon-clone/functions/node_modules/firebase-functions/lib/index.js\"}"}}
[debug] [2020-11-17T15:34:37.582Z] [runtime-status] [32283] Resolved module firebase-admin {"declared":true,"installed":true,"version":"9.4.1","resolution":"/Users/gautham_m/Desktop/my-app/amazon-clone/functions/node_modules/firebase-admin/lib/index.js"} {"metadata":{"emulator":{"name":"functions"},"function":{"name":"api"},"message":"[runtime-status] [32283] Resolved module firebase-admin {\"declared\":true,\"installed\":true,\"version\":\"9.4.1\",\"resolution\":\"/Users/gautham_m/Desktop/my-app/amazon-clone/functions/node_modules/firebase-admin/lib/index.js\"}"}}
[debug] [2020-11-17T15:34:37.583Z] [runtime-status] [32283] Resolved module firebase-functions {"declared":true,"installed":true,"version":"3.11.0","resolution":"/Users/gautham_m/Desktop/my-app/amazon-clone/functions/node_modules/firebase-functions/lib/index.js"} {"metadata":{"emulator":{"name":"functions"},"function":{"name":"api"},"message":"[runtime-status] [32283] Resolved module firebase-functions {\"declared\":true,\"installed\":true,\"version\":\"3.11.0\",\"resolution\":\"/Users/gautham_m/Desktop/my-app/amazon-clone/functions/node_modules/firebase-functions/lib/index.js\"}"}}
[debug] [2020-11-17T15:34:37.583Z] [runtime-status] [32283] firebase-admin has been stubbed. {"adminResolution":{"declared":true,"installed":true,"version":"9.4.1","resolution":"/Users/gautham_m/Desktop/my-app/amazon-clone/functions/node_modules/firebase-admin/lib/index.js"}} {"metadata":{"emulator":{"name":"functions"},"function":{"name":"api"},"message":"[runtime-status] [32283] firebase-admin has been stubbed. {\"adminResolution\":{\"declared\":true,\"installed\":true,\"version\":\"9.4.1\",\"resolution\":\"/Users/gautham_m/Desktop/my-app/amazon-clone/functions/node_modules/firebase-admin/lib/index.js\"}}"}}
[debug] [2020-11-17T15:34:37.748Z] [runtime-status] [32283] Trigger "api" has been found, beginning invocation! {"metadata":{"emulator":{"name":"functions"},"function":{"name":"api"},"message":"[runtime-status] [32283] Trigger \"api\" has been found, beginning invocation!"}}
[info] i  functions: Beginning execution of "api" {"metadata":{"emulator":{"name":"functions"},"function":{"name":"api"},"message":"Beginning execution of \"api\""}}
[debug] [2020-11-17T15:34:37.748Z] [runtime-status] [32283] triggerDefinition {"httpsTrigger":{},"name":"api","entryPoint":"api"} {"metadata":{"emulator":{"name":"functions"},"function":{"name":"api"},"message":"[runtime-status] [32283] triggerDefinition {\"httpsTrigger\":{},\"name\":\"api\",\"entryPoint\":\"api\"}"}}
[debug] [2020-11-17T15:34:37.748Z] [runtime-status] [32283] Running api in mode HTTPS {"metadata":{"emulator":{"name":"functions"},"function":{"name":"api"},"message":"[runtime-status] [32283] Running api in mode HTTPS"}}
[debug] [2020-11-17T15:34:37.750Z] [runtime-status] [32283] Attempting to listen to socketPath: /var/folders/cm/lb9j63v94kq980yq5vh3h3k40000gn/T/fire_emu_32283.sock {"metadata":{"emulator":{"name":"functions"},"function":{"name":"api"},"message":"[runtime-status] [32283] Attempting to listen to socketPath: /var/folders/cm/lb9j63v94kq980yq5vh3h3k40000gn/T/fire_emu_32283.sock"}}
[debug] [2020-11-17T15:34:37.753Z] [functions] Runtime ready! Sending request! {"metadata":{"emulator":{"name":"functions"},"message":"[functions] Runtime ready! Sending request!"}}
[debug] [2020-11-17T15:34:37.760Z] [runtime-status] [32283] Ephemeral server handling POST request {"metadata":{"emulator":{"name":"functions"},"function":{"name":"api"},"message":"[runtime-status] [32283] Ephemeral server handling POST request"}}
[info] >  Payment Request Recieved BOOM!!! for this amount >>>  42588 {"user":"Payment Request Recieved BOOM!!! for this amount >>>  42588","metadata":{"emulator":{"name":"functions"},"function":{"name":"api"},"message":"\u001b[90m> \u001b[39m Payment Request Recieved BOOM!!! for this amount >>>  42588"}}
[debug] [2020-11-17T15:34:37.773Z] [runtime-status] [32283] Ephemeral server survived. {"metadata":{"emulator":{"name":"functions"},"function":{"name":"api"},"message":"[runtime-status] [32283] Ephemeral server survived."}}
[info] i  functions: Finished "api" in ~1s {"metadata":{"emulator":{"name":"functions"},"function":{"name":"api"},"message":"Finished \"api\" in ~1s"}}
[debug] [2020-11-17T15:34:38.609Z] [worker-api-1f1e1a8a-8186-4901-98d5-11cc1b822bce]: IDLE {"metadata":{"emulator":{"name":"functions"},"message":"[worker-api-1f1e1a8a-8186-4901-98d5-11cc1b822bce]: IDLE"}}
[debug] [2020-11-17T15:34:38.610Z] [work-queue] {"queueLength":0,"workRunningCount":0}
[debug] [2020-11-17T15:35:06.164Z] [work-queue] {"queueLength":1,"workRunningCount":0}
[debug] [2020-11-17T15:35:06.164Z] [work-queue] {"queueLength":0,"workRunningCount":1}
[debug] [2020-11-17T15:35:06.164Z] Accepted request POST /clone-35704/us-central1/api/payments/create?total=0 --> api
[debug] [2020-11-17T15:35:06.164Z] [worker-pool] submitWork(triggerId=api) {"metadata":{"emulator":{"name":"functions"},"message":"[worker-pool] submitWork(triggerId=api)"}}
[debug] [2020-11-17T15:35:06.164Z] [worker-api-1f1e1a8a-8186-4901-98d5-11cc1b822bce]: Assigning socketPath: /var/folders/cm/lb9j63v94kq980yq5vh3h3k40000gn/T/fire_emu_32283.sock {"metadata":{"emulator":{"name":"functions"},"message":"[worker-api-1f1e1a8a-8186-4901-98d5-11cc1b822bce]: Assigning socketPath: /var/folders/cm/lb9j63v94kq980yq5vh3h3k40000gn/T/fire_emu_32283.sock"}}
[debug] [2020-11-17T15:35:06.164Z] [worker-api-1f1e1a8a-8186-4901-98d5-11cc1b822bce]: BUSY {"metadata":{"emulator":{"name":"functions"},"message":"[worker-api-1f1e1a8a-8186-4901-98d5-11cc1b822bce]: BUSY"}}
[debug] [2020-11-17T15:35:06.165Z] [runtime-status] [32283] Trigger "api" has been found, beginning invocation! {"metadata":{"emulator":{"name":"functions"},"function":{"name":"api"},"message":"[runtime-status] [32283] Trigger \"api\" has been found, beginning invocation!"}}
[info] i  functions: Beginning execution of "api" {"metadata":{"emulator":{"name":"functions"},"function":{"name":"api"},"message":"Beginning execution of \"api\""}}
[debug] [2020-11-17T15:35:06.166Z] [runtime-status] [32283] triggerDefinition {"httpsTrigger":{},"name":"api","entryPoint":"api"} {"metadata":{"emulator":{"name":"functions"},"function":{"name":"api"},"message":"[runtime-status] [32283] triggerDefinition {\"httpsTrigger\":{},\"name\":\"api\",\"entryPoint\":\"api\"}"}}
[debug] [2020-11-17T15:35:06.166Z] [runtime-status] [32283] Running api in mode HTTPS {"metadata":{"emulator":{"name":"functions"},"function":{"name":"api"},"message":"[runtime-status] [32283] Running api in mode HTTPS"}}
[debug] [2020-11-17T15:35:06.166Z] [runtime-status] [32283] Attempting to listen to socketPath: /var/folders/cm/lb9j63v94kq980yq5vh3h3k40000gn/T/fire_emu_32283.sock {"metadata":{"emulator":{"name":"functions"},"function":{"name":"api"},"message":"[runtime-status] [32283] Attempting to listen to socketPath: /var/folders/cm/lb9j63v94kq980yq5vh3h3k40000gn/T/fire_emu_32283.sock"}}
[debug] [2020-11-17T15:35:06.167Z] [functions] Runtime ready! Sending request! {"metadata":{"emulator":{"name":"functions"},"message":"[functions] Runtime ready! Sending request!"}}
[debug] [2020-11-17T15:35:06.171Z] [runtime-status] [32283] Ephemeral server handling POST request {"metadata":{"emulator":{"name":"functions"},"function":{"name":"api"},"message":"[runtime-status] [32283] Ephemeral server handling POST request"}}
[info] >  Payment Request Recieved BOOM!!! for this amount >>>  0 {"user":"Payment Request Recieved BOOM!!! for this amount >>>  0","metadata":{"emulator":{"name":"functions"},"function":{"name":"api"},"message":"\u001b[90m> \u001b[39m Payment Request Recieved BOOM!!! for this amount >>>  0"}}
[debug] [2020-11-17T15:35:06.173Z] [runtime-status] [32283] Ephemeral server survived. {"metadata":{"emulator":{"name":"functions"},"function":{"name":"api"},"message":"[runtime-status] [32283] Ephemeral server survived."}}
[info] >  (node:32283) UnhandledPromiseRejectionWarning: Error: This value must be greater than or equal to 1. {"user":"(node:32283) UnhandledPromiseRejectionWarning: Error: This value must be greater than or equal to 1.","metadata":{"emulator":{"name":"functions"},"function":{"name":"api"},"message":"\u001b[90m> \u001b[39m (node:32283) UnhandledPromiseRejectionWarning: Error: This value must be greater than or equal to 1."}}
[info] >      at Function.generate (/Users/gautham_m/Desktop/my-app/amazon-clone/functions/node_modules/stripe/lib/Error.js:40:16) {"user":"    at Function.generate (/Users/gautham_m/Desktop/my-app/amazon-clone/functions/node_modules/stripe/lib/Error.js:40:16)","metadata":{"emulator":{"name":"functions"},"function":{"name":"api"},"message":"\u001b[90m> \u001b[39m     at Function.generate (/Users/gautham_m/Desktop/my-app/amazon-clone/functions/node_modules/stripe/lib/Error.js:40:16)"}}
[info] >      at IncomingMessage.<anonymous> (/Users/gautham_m/Desktop/my-app/amazon-clone/functions/node_modules/stripe/lib/StripeResource.js:190:33) {"user":"    at IncomingMessage.<anonymous> (/Users/gautham_m/Desktop/my-app/amazon-clone/functions/node_modules/stripe/lib/StripeResource.js:190:33)","metadata":{"emulator":{"name":"functions"},"function":{"name":"api"},"message":"\u001b[90m> \u001b[39m     at IncomingMessage.<anonymous> (/Users/gautham_m/Desktop/my-app/amazon-clone/functions/node_modules/stripe/lib/StripeResource.js:190:33)"}}
[info] >      at Object.onceWrapper (events.js:421:28) {"user":"    at Object.onceWrapper (events.js:421:28)","metadata":{"emulator":{"name":"functions"},"function":{"name":"api"},"message":"\u001b[90m> \u001b[39m     at Object.onceWrapper (events.js:421:28)"}}
[info] >      at IncomingMessage.emit (events.js:327:22) {"user":"    at IncomingMessage.emit (events.js:327:22)","metadata":{"emulator":{"name":"functions"},"function":{"name":"api"},"message":"\u001b[90m> \u001b[39m     at IncomingMessage.emit (events.js:327:22)"}}
[info] >      at endReadableNT (_stream_readable.js:1221:12) {"user":"    at endReadableNT (_stream_readable.js:1221:12)","metadata":{"emulator":{"name":"functions"},"function":{"name":"api"},"message":"\u001b[90m> \u001b[39m     at endReadableNT (_stream_readable.js:1221:12)"}}
[info] >      at processTicksAndRejections (internal/process/task_queues.js:84:21) {"user":"    at processTicksAndRejections (internal/process/task_queues.js:84:21)","metadata":{"emulator":{"name":"functions"},"function":{"name":"api"},"message":"\u001b[90m> \u001b[39m     at processTicksAndRejections (internal/process/task_queues.js:84:21)"}}
[info] >  (node:32283) UnhandledPromiseRejectionWarning: Unhandled promise rejection. This error originated either by throwing inside of an async function without a catch block, or by rejecting a promise which was not handled with .catch(). To terminate the node process on unhandled promise rejection, use the CLI flag `--unhandled-rejections=strict` (see https://nodejs.org/api/cli.html#cli_unhandled_rejections_mode). (rejection id: 1) {"user":"(node:32283) UnhandledPromiseRejectionWarning: Unhandled promise rejection. This error originated either by throwing inside of an async function without a catch block, or by rejecting a promise which was not handled with .catch(). To terminate the node process on unhandled promise rejection, use the CLI flag `--unhandled-rejections=strict` (see https://nodejs.org/api/cli.html#cli_unhandled_rejections_mode). (rejection id: 1)","metadata":{"emulator":{"name":"functions"},"function":{"name":"api"},"message":"\u001b[90m> \u001b[39m (node:32283) UnhandledPromiseRejectionWarning: Unhandled promise rejection. This error originated either by throwing inside of an async function without a catch block, or by rejecting a promise which was not handled with .catch(). To terminate the node process on unhandled promise rejection, use the CLI flag `--unhandled-rejections=strict` (see https://nodejs.org/api/cli.html#cli_unhandled_rejections_mode). (rejection id: 1)"}}
[info] >  (node:32283) [DEP0018] DeprecationWarning: Unhandled promise rejections are deprecated. In the future, promise rejections that are not handled will terminate the Node.js process with a non-zero exit code. {"user":"(node:32283) [DEP0018] DeprecationWarning: Unhandled promise rejections are deprecated. In the future, promise rejections that are not handled will terminate the Node.js process with a non-zero exit code.","metadata":{"emulator":{"name":"functions"},"function":{"name":"api"},"message":"\u001b[90m> \u001b[39m (node:32283) [DEP0018] DeprecationWarning: Unhandled promise rejections are deprecated. In the future, promise rejections that are not handled will terminate the Node.js process with a non-zero exit code."}}
[warn] ⚠  functions: Your function timed out after ~60s. To configure this timeout, see
      https://firebase.google.com/docs/functions/manage-functions#set_timeout_and_memory_allocation. {"metadata":{"emulator":{"name":"functions"},"function":{"name":"api"},"message":"Your function timed out after ~60s. To configure this timeout, see\n      https://firebase.google.com/docs/functions/manage-functions#set_timeout_and_memory_allocation."}}
[info] >  /usr/local/lib/node_modules/firebase-tools/lib/emulator/functionsEmulatorRuntime.js:668 {"user":"/usr/local/lib/node_modules/firebase-tools/lib/emulator/functionsEmulatorRuntime.js:668","metadata":{"emulator":{"name":"functions"},"function":{"name":"api"},"message":"\u001b[90m> \u001b[39m /usr/local/lib/node_modules/firebase-tools/lib/emulator/functionsEmulatorRuntime.js:668"}}
[info] >                  throw new Error("Function timed out."); {"user":"                throw new Error(\"Function timed out.\");","metadata":{"emulator":{"name":"functions"},"function":{"name":"api"},"message":"\u001b[90m> \u001b[39m                 throw new Error(\"Function timed out.\");"}}
[info] >                  ^ {"user":"                ^","metadata":{"emulator":{"name":"functions"},"function":{"name":"api"},"message":"\u001b[90m> \u001b[39m                 ^"}}
[info] >   {"user":"","metadata":{"emulator":{"name":"functions"},"function":{"name":"api"},"message":"\u001b[90m> \u001b[39m "}}
[info] >  Error: Function timed out. {"user":"Error: Function timed out.","metadata":{"emulator":{"name":"functions"},"function":{"name":"api"},"message":"\u001b[90m> \u001b[39m Error: Function timed out."}}
[info] >      at Timeout._onTimeout (/usr/local/lib/node_modules/firebase-tools/lib/emulator/functionsEmulatorRuntime.js:668:23) {"user":"    at Timeout._onTimeout (/usr/local/lib/node_modules/firebase-tools/lib/emulator/functionsEmulatorRuntime.js:668:23)","metadata":{"emulator":{"name":"functions"},"function":{"name":"api"},"message":"\u001b[90m> \u001b[39m     at Timeout._onTimeout (/usr/local/lib/node_modules/firebase-tools/lib/emulator/functionsEmulatorRuntime.js:668:23)"}}
[info] >      at listOnTimeout (internal/timers.js:549:17) {"user":"    at listOnTimeout (internal/timers.js:549:17)","metadata":{"emulator":{"name":"functions"},"function":{"name":"api"},"message":"\u001b[90m> \u001b[39m     at listOnTimeout (internal/timers.js:549:17)"}}
[info] >      at processTimers (internal/timers.js:492:7) {"user":"    at processTimers (internal/timers.js:492:7)","metadata":{"emulator":{"name":"functions"},"function":{"name":"api"},"message":"\u001b[90m> \u001b[39m     at processTimers (internal/timers.js:492:7)"}}
[debug] [2020-11-17T15:36:06.178Z] [worker-api-1f1e1a8a-8186-4901-98d5-11cc1b822bce]: exited {"metadata":{"emulator":{"name":"functions"},"message":"[worker-api-1f1e1a8a-8186-4901-98d5-11cc1b822bce]: exited"}}
[debug] [2020-11-17T15:36:06.179Z] [worker-api-1f1e1a8a-8186-4901-98d5-11cc1b822bce]: FINISHED {"metadata":{"emulator":{"name":"functions"},"message":"[worker-api-1f1e1a8a-8186-4901-98d5-11cc1b822bce]: FINISHED"}}
[debug] [2020-11-17T15:36:06.179Z] [work-queue] {"queueLength":0,"workRunningCount":0}
[debug] [2020-11-17T15:41:33.028Z] [work-queue] {"queueLength":1,"workRunningCount":0}
[debug] [2020-11-17T15:41:33.030Z] [work-queue] {"queueLength":0,"workRunningCount":1}
[debug] [2020-11-17T15:41:33.030Z] Accepted request POST /clone-35704/us-central1/api/payments/create?total=39999 --> api
[debug] [2020-11-17T15:41:33.031Z] [worker-pool] Cleaned up workers for api: 1 --> 0 {"metadata":{"emulator":{"name":"functions"},"message":"[worker-pool] Cleaned up workers for api: 1 --> 0"}}
[debug] [2020-11-17T15:41:33.035Z] [worker-pool] addWorker(api) {"metadata":{"emulator":{"name":"functions"},"message":"[worker-pool] addWorker(api)"}}
[debug] [2020-11-17T15:41:33.036Z] [worker-pool] Adding worker with key api, total=1 {"metadata":{"emulator":{"name":"functions"},"message":"[worker-pool] Adding worker with key api, total=1"}}
[debug] [2020-11-17T15:41:33.036Z] [worker-pool] submitWork(triggerId=api) {"metadata":{"emulator":{"name":"functions"},"message":"[worker-pool] submitWork(triggerId=api)"}}
[debug] [2020-11-17T15:41:33.036Z] [worker-api-eff5fe98-085c-4b5d-8340-5eaac9e03ab4]: Assigning socketPath: /var/folders/cm/lb9j63v94kq980yq5vh3h3k40000gn/T/fire_emu_32349.sock {"metadata":{"emulator":{"name":"functions"},"message":"[worker-api-eff5fe98-085c-4b5d-8340-5eaac9e03ab4]: Assigning socketPath: /var/folders/cm/lb9j63v94kq980yq5vh3h3k40000gn/T/fire_emu_32349.sock"}}
[debug] [2020-11-17T15:41:33.036Z] [worker-api-eff5fe98-085c-4b5d-8340-5eaac9e03ab4]: BUSY {"metadata":{"emulator":{"name":"functions"},"message":"[worker-api-eff5fe98-085c-4b5d-8340-5eaac9e03ab4]: BUSY"}}
[debug] [2020-11-17T15:41:33.498Z] [runtime-status] [32349] Functions runtime initialized. {"cwd":"/Users/gautham_m/Desktop/my-app/amazon-clone/functions","node_version":"12.18.2"} {"metadata":{"emulator":{"name":"functions"},"function":{"name":"api"},"message":"[runtime-status] [32349] Functions runtime initialized. {\"cwd\":\"/Users/gautham_m/Desktop/my-app/amazon-clone/functions\",\"node_version\":\"12.18.2\"}"}}
[debug] [2020-11-17T15:41:33.500Z] [runtime-status] [32349] Disabled runtime features: undefined {"metadata":{"emulator":{"name":"functions"},"function":{"name":"api"},"message":"[runtime-status] [32349] Disabled runtime features: undefined"}}
[debug] [2020-11-17T15:41:33.504Z] [runtime-status] [32349] Resolved module firebase-admin {"declared":true,"installed":true,"version":"9.4.1","resolution":"/Users/gautham_m/Desktop/my-app/amazon-clone/functions/node_modules/firebase-admin/lib/index.js"} {"metadata":{"emulator":{"name":"functions"},"function":{"name":"api"},"message":"[runtime-status] [32349] Resolved module firebase-admin {\"declared\":true,\"installed\":true,\"version\":\"9.4.1\",\"resolution\":\"/Users/gautham_m/Desktop/my-app/amazon-clone/functions/node_modules/firebase-admin/lib/index.js\"}"}}
[debug] [2020-11-17T15:41:33.505Z] [runtime-status] [32349] Resolved module firebase-functions {"declared":true,"installed":true,"version":"3.11.0","resolution":"/Users/gautham_m/Desktop/my-app/amazon-clone/functions/node_modules/firebase-functions/lib/index.js"} {"metadata":{"emulator":{"name":"functions"},"function":{"name":"api"},"message":"[runtime-status] [32349] Resolved module firebase-functions {\"declared\":true,\"installed\":true,\"version\":\"3.11.0\",\"resolution\":\"/Users/gautham_m/Desktop/my-app/amazon-clone/functions/node_modules/firebase-functions/lib/index.js\"}"}}
[debug] [2020-11-17T15:41:33.506Z] [runtime-status] [32349] Resolved module firebase-functions {"declared":true,"installed":true,"version":"3.11.0","resolution":"/Users/gautham_m/Desktop/my-app/amazon-clone/functions/node_modules/firebase-functions/lib/index.js"} {"metadata":{"emulator":{"name":"functions"},"function":{"name":"api"},"message":"[runtime-status] [32349] Resolved module firebase-functions {\"declared\":true,\"installed\":true,\"version\":\"3.11.0\",\"resolution\":\"/Users/gautham_m/Desktop/my-app/amazon-clone/functions/node_modules/firebase-functions/lib/index.js\"}"}}
[debug] [2020-11-17T15:41:33.508Z] [runtime-status] [32349] Outgoing network have been stubbed. [{"name":"http","status":"mocked"},{"name":"http","status":"mocked"},{"name":"https","status":"mocked"},{"name":"https","status":"mocked"},{"name":"net","status":"mocked"}] {"metadata":{"emulator":{"name":"functions"},"function":{"name":"api"},"message":"[runtime-status] [32349] Outgoing network have been stubbed. [{\"name\":\"http\",\"status\":\"mocked\"},{\"name\":\"http\",\"status\":\"mocked\"},{\"name\":\"https\",\"status\":\"mocked\"},{\"name\":\"https\",\"status\":\"mocked\"},{\"name\":\"net\",\"status\":\"mocked\"}]"}}
[debug] [2020-11-17T15:41:33.508Z] [runtime-status] [32349] Resolved module firebase-functions {"declared":true,"installed":true,"version":"3.11.0","resolution":"/Users/gautham_m/Desktop/my-app/amazon-clone/functions/node_modules/firebase-functions/lib/index.js"} {"metadata":{"emulator":{"name":"functions"},"function":{"name":"api"},"message":"[runtime-status] [32349] Resolved module firebase-functions {\"declared\":true,\"installed\":true,\"version\":\"3.11.0\",\"resolution\":\"/Users/gautham_m/Desktop/my-app/amazon-clone/functions/node_modules/firebase-functions/lib/index.js\"}"}}
[debug] [2020-11-17T15:41:33.564Z] [runtime-status] [32349] Checked functions.config() {"config":{}} {"metadata":{"emulator":{"name":"functions"},"function":{"name":"api"},"message":"[runtime-status] [32349] Checked functions.config() {\"config\":{}}"}}
[debug] [2020-11-17T15:41:33.564Z] [runtime-status] [32349] firebase-functions has been stubbed. {"functionsResolution":{"declared":true,"installed":true,"version":"3.11.0","resolution":"/Users/gautham_m/Desktop/my-app/amazon-clone/functions/node_modules/firebase-functions/lib/index.js"}} {"metadata":{"emulator":{"name":"functions"},"function":{"name":"api"},"message":"[runtime-status] [32349] firebase-functions has been stubbed. {\"functionsResolution\":{\"declared\":true,\"installed\":true,\"version\":\"3.11.0\",\"resolution\":\"/Users/gautham_m/Desktop/my-app/amazon-clone/functions/node_modules/firebase-functions/lib/index.js\"}}"}}
[debug] [2020-11-17T15:41:33.565Z] [runtime-status] [32349] Resolved module firebase-functions {"declared":true,"installed":true,"version":"3.11.0","resolution":"/Users/gautham_m/Desktop/my-app/amazon-clone/functions/node_modules/firebase-functions/lib/index.js"} {"metadata":{"emulator":{"name":"functions"},"function":{"name":"api"},"message":"[runtime-status] [32349] Resolved module firebase-functions {\"declared\":true,\"installed\":true,\"version\":\"3.11.0\",\"resolution\":\"/Users/gautham_m/Desktop/my-app/amazon-clone/functions/node_modules/firebase-functions/lib/index.js\"}"}}
[debug] [2020-11-17T15:41:33.565Z] [runtime-status] [32349] Resolved module firebase-admin {"declared":true,"installed":true,"version":"9.4.1","resolution":"/Users/gautham_m/Desktop/my-app/amazon-clone/functions/node_modules/firebase-admin/lib/index.js"} {"metadata":{"emulator":{"name":"functions"},"function":{"name":"api"},"message":"[runtime-status] [32349] Resolved module firebase-admin {\"declared\":true,\"installed\":true,\"version\":\"9.4.1\",\"resolution\":\"/Users/gautham_m/Desktop/my-app/amazon-clone/functions/node_modules/firebase-admin/lib/index.js\"}"}}
[debug] [2020-11-17T15:41:33.566Z] [runtime-status] [32349] Resolved module firebase-functions {"declared":true,"installed":true,"version":"3.11.0","resolution":"/Users/gautham_m/Desktop/my-app/amazon-clone/functions/node_modules/firebase-functions/lib/index.js"} {"metadata":{"emulator":{"name":"functions"},"function":{"name":"api"},"message":"[runtime-status] [32349] Resolved module firebase-functions {\"declared\":true,\"installed\":true,\"version\":\"3.11.0\",\"resolution\":\"/Users/gautham_m/Desktop/my-app/amazon-clone/functions/node_modules/firebase-functions/lib/index.js\"}"}}
[debug] [2020-11-17T15:41:33.566Z] [runtime-status] [32349] firebase-admin has been stubbed. {"adminResolution":{"declared":true,"installed":true,"version":"9.4.1","resolution":"/Users/gautham_m/Desktop/my-app/amazon-clone/functions/node_modules/firebase-admin/lib/index.js"}} {"metadata":{"emulator":{"name":"functions"},"function":{"name":"api"},"message":"[runtime-status] [32349] firebase-admin has been stubbed. {\"adminResolution\":{\"declared\":true,\"installed\":true,\"version\":\"9.4.1\",\"resolution\":\"/Users/gautham_m/Desktop/my-app/amazon-clone/functions/node_modules/firebase-admin/lib/index.js\"}}"}}
[debug] [2020-11-17T15:41:33.737Z] [runtime-status] [32349] Trigger "api" has been found, beginning invocation! {"metadata":{"emulator":{"name":"functions"},"function":{"name":"api"},"message":"[runtime-status] [32349] Trigger \"api\" has been found, beginning invocation!"}}
[info] i  functions: Beginning execution of "api" {"metadata":{"emulator":{"name":"functions"},"function":{"name":"api"},"message":"Beginning execution of \"api\""}}
[debug] [2020-11-17T15:41:33.741Z] [runtime-status] [32349] triggerDefinition {"httpsTrigger":{},"name":"api","entryPoint":"api"} {"metadata":{"emulator":{"name":"functions"},"function":{"name":"api"},"message":"[runtime-status] [32349] triggerDefinition {\"httpsTrigger\":{},\"name\":\"api\",\"entryPoint\":\"api\"}"}}
[debug] [2020-11-17T15:41:33.741Z] [runtime-status] [32349] Running api in mode HTTPS {"metadata":{"emulator":{"name":"functions"},"function":{"name":"api"},"message":"[runtime-status] [32349] Running api in mode HTTPS"}}
[debug] [2020-11-17T15:41:33.742Z] [runtime-status] [32349] Attempting to listen to socketPath: /var/folders/cm/lb9j63v94kq980yq5vh3h3k40000gn/T/fire_emu_32349.sock {"metadata":{"emulator":{"name":"functions"},"function":{"name":"api"},"message":"[runtime-status] [32349] Attempting to listen to socketPath: /var/folders/cm/lb9j63v94kq980yq5vh3h3k40000gn/T/fire_emu_32349.sock"}}
[debug] [2020-11-17T15:41:33.747Z] [functions] Runtime ready! Sending request! {"metadata":{"emulator":{"name":"functions"},"message":"[functions] Runtime ready! Sending request!"}}
[debug] [2020-11-17T15:41:33.753Z] [runtime-status] [32349] Ephemeral server handling POST request {"metadata":{"emulator":{"name":"functions"},"function":{"name":"api"},"message":"[runtime-status] [32349] Ephemeral server handling POST request"}}
[info] >  Payment Request Recieved BOOM!!! for this amount >>>  39999 {"user":"Payment Request Recieved BOOM!!! for this amount >>>  39999","metadata":{"emulator":{"name":"functions"},"function":{"name":"api"},"message":"\u001b[90m> \u001b[39m Payment Request Recieved BOOM!!! for this amount >>>  39999"}}
[debug] [2020-11-17T15:41:33.763Z] [runtime-status] [32349] Ephemeral server survived. {"metadata":{"emulator":{"name":"functions"},"function":{"name":"api"},"message":"[runtime-status] [32349] Ephemeral server survived."}}
[info] i  functions: Finished "api" in ~1s {"metadata":{"emulator":{"name":"functions"},"function":{"name":"api"},"message":"Finished \"api\" in ~1s"}}
[debug] [2020-11-17T15:41:34.451Z] [worker-api-eff5fe98-085c-4b5d-8340-5eaac9e03ab4]: IDLE {"metadata":{"emulator":{"name":"functions"},"message":"[worker-api-eff5fe98-085c-4b5d-8340-5eaac9e03ab4]: IDLE"}}
[debug] [2020-11-17T15:41:34.452Z] [work-queue] {"queueLength":0,"workRunningCount":0}
[debug] [2020-11-17T15:42:27.822Z] [work-queue] {"queueLength":1,"workRunningCount":0}
[debug] [2020-11-17T15:42:27.822Z] [work-queue] {"queueLength":0,"workRunningCount":1}
[debug] [2020-11-17T15:42:27.822Z] Accepted request POST /clone-35704/us-central1/api/payments/create?total=0 --> api
[debug] [2020-11-17T15:42:27.822Z] [worker-pool] submitWork(triggerId=api) {"metadata":{"emulator":{"name":"functions"},"message":"[worker-pool] submitWork(triggerId=api)"}}
[debug] [2020-11-17T15:42:27.822Z] [worker-api-eff5fe98-085c-4b5d-8340-5eaac9e03ab4]: Assigning socketPath: /var/folders/cm/lb9j63v94kq980yq5vh3h3k40000gn/T/fire_emu_32349.sock {"metadata":{"emulator":{"name":"functions"},"message":"[worker-api-eff5fe98-085c-4b5d-8340-5eaac9e03ab4]: Assigning socketPath: /var/folders/cm/lb9j63v94kq980yq5vh3h3k40000gn/T/fire_emu_32349.sock"}}
[debug] [2020-11-17T15:42:27.822Z] [worker-api-eff5fe98-085c-4b5d-8340-5eaac9e03ab4]: BUSY {"metadata":{"emulator":{"name":"functions"},"message":"[worker-api-eff5fe98-085c-4b5d-8340-5eaac9e03ab4]: BUSY"}}
[debug] [2020-11-17T15:42:27.823Z] [runtime-status] [32349] Trigger "api" has been found, beginning invocation! {"metadata":{"emulator":{"name":"functions"},"function":{"name":"api"},"message":"[runtime-status] [32349] Trigger \"api\" has been found, beginning invocation!"}}
[info] i  functions: Beginning execution of "api" {"metadata":{"emulator":{"name":"functions"},"function":{"name":"api"},"message":"Beginning execution of \"api\""}}
[debug] [2020-11-17T15:42:27.823Z] [runtime-status] [32349] triggerDefinition {"httpsTrigger":{},"name":"api","entryPoint":"api"} {"metadata":{"emulator":{"name":"functions"},"function":{"name":"api"},"message":"[runtime-status] [32349] triggerDefinition {\"httpsTrigger\":{},\"name\":\"api\",\"entryPoint\":\"api\"}"}}
[debug] [2020-11-17T15:42:27.824Z] [runtime-status] [32349] Running api in mode HTTPS {"metadata":{"emulator":{"name":"functions"},"function":{"name":"api"},"message":"[runtime-status] [32349] Running api in mode HTTPS"}}
[debug] [2020-11-17T15:42:27.824Z] [runtime-status] [32349] Attempting to listen to socketPath: /var/folders/cm/lb9j63v94kq980yq5vh3h3k40000gn/T/fire_emu_32349.sock {"metadata":{"emulator":{"name":"functions"},"function":{"name":"api"},"message":"[runtime-status] [32349] Attempting to listen to socketPath: /var/folders/cm/lb9j63v94kq980yq5vh3h3k40000gn/T/fire_emu_32349.sock"}}
[debug] [2020-11-17T15:42:27.825Z] [functions] Runtime ready! Sending request! {"metadata":{"emulator":{"name":"functions"},"message":"[functions] Runtime ready! Sending request!"}}
[debug] [2020-11-17T15:42:27.828Z] [runtime-status] [32349] Ephemeral server handling POST request {"metadata":{"emulator":{"name":"functions"},"function":{"name":"api"},"message":"[runtime-status] [32349] Ephemeral server handling POST request"}}
[info] >  Payment Request Recieved BOOM!!! for this amount >>>  0 {"user":"Payment Request Recieved BOOM!!! for this amount >>>  0","metadata":{"emulator":{"name":"functions"},"function":{"name":"api"},"message":"\u001b[90m> \u001b[39m Payment Request Recieved BOOM!!! for this amount >>>  0"}}
[debug] [2020-11-17T15:42:27.829Z] [runtime-status] [32349] Ephemeral server survived. {"metadata":{"emulator":{"name":"functions"},"function":{"name":"api"},"message":"[runtime-status] [32349] Ephemeral server survived."}}
[info] >  (node:32349) UnhandledPromiseRejectionWarning: Error: This value must be greater than or equal to 1. {"user":"(node:32349) UnhandledPromiseRejectionWarning: Error: This value must be greater than or equal to 1.","metadata":{"emulator":{"name":"functions"},"function":{"name":"api"},"message":"\u001b[90m> \u001b[39m (node:32349) UnhandledPromiseRejectionWarning: Error: This value must be greater than or equal to 1."}}
[info] >      at Function.generate (/Users/gautham_m/Desktop/my-app/amazon-clone/functions/node_modules/stripe/lib/Error.js:40:16) {"user":"    at Function.generate (/Users/gautham_m/Desktop/my-app/amazon-clone/functions/node_modules/stripe/lib/Error.js:40:16)","metadata":{"emulator":{"name":"functions"},"function":{"name":"api"},"message":"\u001b[90m> \u001b[39m     at Function.generate (/Users/gautham_m/Desktop/my-app/amazon-clone/functions/node_modules/stripe/lib/Error.js:40:16)"}}
[info] >      at IncomingMessage.<anonymous> (/Users/gautham_m/Desktop/my-app/amazon-clone/functions/node_modules/stripe/lib/StripeResource.js:190:33) {"user":"    at IncomingMessage.<anonymous> (/Users/gautham_m/Desktop/my-app/amazon-clone/functions/node_modules/stripe/lib/StripeResource.js:190:33)","metadata":{"emulator":{"name":"functions"},"function":{"name":"api"},"message":"\u001b[90m> \u001b[39m     at IncomingMessage.<anonymous> (/Users/gautham_m/Desktop/my-app/amazon-clone/functions/node_modules/stripe/lib/StripeResource.js:190:33)"}}
[info] >      at Object.onceWrapper (events.js:421:28) {"user":"    at Object.onceWrapper (events.js:421:28)","metadata":{"emulator":{"name":"functions"},"function":{"name":"api"},"message":"\u001b[90m> \u001b[39m     at Object.onceWrapper (events.js:421:28)"}}
[info] >      at IncomingMessage.emit (events.js:327:22) {"user":"    at IncomingMessage.emit (events.js:327:22)","metadata":{"emulator":{"name":"functions"},"function":{"name":"api"},"message":"\u001b[90m> \u001b[39m     at IncomingMessage.emit (events.js:327:22)"}}
[info] >      at endReadableNT (_stream_readable.js:1221:12) {"user":"    at endReadableNT (_stream_readable.js:1221:12)","metadata":{"emulator":{"name":"functions"},"function":{"name":"api"},"message":"\u001b[90m> \u001b[39m     at endReadableNT (_stream_readable.js:1221:12)"}}
[info] >      at processTicksAndRejections (internal/process/task_queues.js:84:21) {"user":"    at processTicksAndRejections (internal/process/task_queues.js:84:21)","metadata":{"emulator":{"name":"functions"},"function":{"name":"api"},"message":"\u001b[90m> \u001b[39m     at processTicksAndRejections (internal/process/task_queues.js:84:21)"}}
[info] >  (node:32349) UnhandledPromiseRejectionWarning: Unhandled promise rejection. This error originated either by throwing inside of an async function without a catch block, or by rejecting a promise which was not handled with .catch(). To terminate the node process on unhandled promise rejection, use the CLI flag `--unhandled-rejections=strict` (see https://nodejs.org/api/cli.html#cli_unhandled_rejections_mode). (rejection id: 1) {"user":"(node:32349) UnhandledPromiseRejectionWarning: Unhandled promise rejection. This error originated either by throwing inside of an async function without a catch block, or by rejecting a promise which was not handled with .catch(). To terminate the node process on unhandled promise rejection, use the CLI flag `--unhandled-rejections=strict` (see https://nodejs.org/api/cli.html#cli_unhandled_rejections_mode). (rejection id: 1)","metadata":{"emulator":{"name":"functions"},"function":{"name":"api"},"message":"\u001b[90m> \u001b[39m (node:32349) UnhandledPromiseRejectionWarning: Unhandled promise rejection. This error originated either by throwing inside of an async function without a catch block, or by rejecting a promise which was not handled with .catch(). To terminate the node process on unhandled promise rejection, use the CLI flag `--unhandled-rejections=strict` (see https://nodejs.org/api/cli.html#cli_unhandled_rejections_mode). (rejection id: 1)"}}
[info] >  (node:32349) [DEP0018] DeprecationWarning: Unhandled promise rejections are deprecated. In the future, promise rejections that are not handled will terminate the Node.js process with a non-zero exit code. {"user":"(node:32349) [DEP0018] DeprecationWarning: Unhandled promise rejections are deprecated. In the future, promise rejections that are not handled will terminate the Node.js process with a non-zero exit code.","metadata":{"emulator":{"name":"functions"},"function":{"name":"api"},"message":"\u001b[90m> \u001b[39m (node:32349) [DEP0018] DeprecationWarning: Unhandled promise rejections are deprecated. In the future, promise rejections that are not handled will terminate the Node.js process with a non-zero exit code."}}
[warn] ⚠  functions: Your function timed out after ~60s. To configure this timeout, see
      https://firebase.google.com/docs/functions/manage-functions#set_timeout_and_memory_allocation. {"metadata":{"emulator":{"name":"functions"},"function":{"name":"api"},"message":"Your function timed out after ~60s. To configure this timeout, see\n      https://firebase.google.com/docs/functions/manage-functions#set_timeout_and_memory_allocation."}}
[info] >  /usr/local/lib/node_modules/firebase-tools/lib/emulator/functionsEmulatorRuntime.js:668 {"user":"/usr/local/lib/node_modules/firebase-tools/lib/emulator/functionsEmulatorRuntime.js:668","metadata":{"emulator":{"name":"functions"},"function":{"name":"api"},"message":"\u001b[90m> \u001b[39m /usr/local/lib/node_modules/firebase-tools/lib/emulator/functionsEmulatorRuntime.js:668"}}
[info] >                  throw new Error("Function timed out."); {"user":"                throw new Error(\"Function timed out.\");","metadata":{"emulator":{"name":"functions"},"function":{"name":"api"},"message":"\u001b[90m> \u001b[39m                 throw new Error(\"Function timed out.\");"}}
[info] >                  ^ {"user":"                ^","metadata":{"emulator":{"name":"functions"},"function":{"name":"api"},"message":"\u001b[90m> \u001b[39m                 ^"}}
[info] >   {"user":"","metadata":{"emulator":{"name":"functions"},"function":{"name":"api"},"message":"\u001b[90m> \u001b[39m "}}
[info] >  Error: Function timed out. {"user":"Error: Function timed out.","metadata":{"emulator":{"name":"functions"},"function":{"name":"api"},"message":"\u001b[90m> \u001b[39m Error: Function timed out."}}
[info] >      at Timeout._onTimeout (/usr/local/lib/node_modules/firebase-tools/lib/emulator/functionsEmulatorRuntime.js:668:23) {"user":"    at Timeout._onTimeout (/usr/local/lib/node_modules/firebase-tools/lib/emulator/functionsEmulatorRuntime.js:668:23)","metadata":{"emulator":{"name":"functions"},"function":{"name":"api"},"message":"\u001b[90m> \u001b[39m     at Timeout._onTimeout (/usr/local/lib/node_modules/firebase-tools/lib/emulator/functionsEmulatorRuntime.js:668:23)"}}
[info] >      at listOnTimeout (internal/timers.js:549:17) {"user":"    at listOnTimeout (internal/timers.js:549:17)","metadata":{"emulator":{"name":"functions"},"function":{"name":"api"},"message":"\u001b[90m> \u001b[39m     at listOnTimeout (internal/timers.js:549:17)"}}
[info] >      at processTimers (internal/timers.js:492:7) {"user":"    at processTimers (internal/timers.js:492:7)","metadata":{"emulator":{"name":"functions"},"function":{"name":"api"},"message":"\u001b[90m> \u001b[39m     at processTimers (internal/timers.js:492:7)"}}
[debug] [2020-11-17T15:43:27.841Z] [worker-api-eff5fe98-085c-4b5d-8340-5eaac9e03ab4]: exited {"metadata":{"emulator":{"name":"functions"},"message":"[worker-api-eff5fe98-085c-4b5d-8340-5eaac9e03ab4]: exited"}}
[debug] [2020-11-17T15:43:27.841Z] [worker-api-eff5fe98-085c-4b5d-8340-5eaac9e03ab4]: FINISHED {"metadata":{"emulator":{"name":"functions"},"message":"[worker-api-eff5fe98-085c-4b5d-8340-5eaac9e03ab4]: FINISHED"}}
[debug] [2020-11-17T15:43:27.841Z] [work-queue] {"queueLength":0,"workRunningCount":0}
